This is pdfTeX, Version 3.1415926-2.3-1.40.12 (TeX Live 2011) (format=latex 2011.7.3)  25 MAY 2012 00:40
entering extended mode
 restricted \write18 enabled.
 %&-line parsing enabled.
**Msc
(./Msc.tex
LaTeX2e <2009/09/24>
Babel <v3.8l> and hyphenation patterns for english, dumylang, nohyphenation, ge
rman-x-2009-06-19, ngerman-x-2009-06-19, afrikaans, ancientgreek, ibycus, arabi
c, armenian, basque, bulgarian, catalan, pinyin, coptic, croatian, czech, danis
h, dutch, ukenglish, usenglishmax, esperanto, estonian, ethiopic, farsi, finnis
h, french, galician, german, ngerman, swissgerman, monogreek, greek, hungarian,
 icelandic, assamese, bengali, gujarati, hindi, kannada, malayalam, marathi, or
iya, panjabi, tamil, telugu, indonesian, interlingua, irish, italian, kurmanji,
 lao, latin, latvian, lithuanian, mongolian, mongolianlmc, bokmal, nynorsk, pol
ish, portuguese, romanian, russian, sanskrit, serbian, serbianc, slovak, sloven
ian, spanish, swedish, turkish, turkmen, ukrainian, uppersorbian, welsh, loaded
.
(/usr/local/texlive/2011/texmf-dist/tex/latex/base/article.cls
Document Class: article 2007/10/19 v1.4h Standard LaTeX document class
(/usr/local/texlive/2011/texmf-dist/tex/latex/base/size12.clo
File: size12.clo 2007/10/19 v1.4h Standard LaTeX file (size option)
)
\c@part=\count79
\c@section=\count80
\c@subsection=\count81
\c@subsubsection=\count82
\c@paragraph=\count83
\c@subparagraph=\count84
\c@figure=\count85
\c@table=\count86
\abovecaptionskip=\skip41
\belowcaptionskip=\skip42
\bibindent=\dimen102
)
(/usr/local/texlive/2011/texmf-dist/tex/latex/ntgclass/a4.sty
Package: a4 2004/04/15 v1.2g A4 based page layout
)
(/usr/local/texlive/2011/texmf-dist/tex/latex/base/inputenc.sty
Package: inputenc 2008/03/30 v1.1d Input encoding file
\inpenc@prehook=\toks14
\inpenc@posthook=\toks15

(/usr/local/texlive/2011/texmf-dist/tex/latex/base/utf8.def
File: utf8.def 2008/04/05 v1.1m UTF-8 support for inputenc
Now handling font encoding OML ...
... no UTF-8 mapping file for font encoding OML
Now handling font encoding T1 ...
... processing UTF-8 mapping file for font encoding T1

(/usr/local/texlive/2011/texmf-dist/tex/latex/base/t1enc.dfu
File: t1enc.dfu 2008/04/05 v1.1m UTF-8 support for inputenc
   defining Unicode char U+00A1 (decimal 161)
   defining Unicode char U+00A3 (decimal 163)
   defining Unicode char U+00AB (decimal 171)
   defining Unicode char U+00BB (decimal 187)
   defining Unicode char U+00BF (decimal 191)
   defining Unicode char U+00C0 (decimal 192)
   defining Unicode char U+00C1 (decimal 193)
   defining Unicode char U+00C2 (decimal 194)
   defining Unicode char U+00C3 (decimal 195)
   defining Unicode char U+00C4 (decimal 196)
   defining Unicode char U+00C5 (decimal 197)
   defining Unicode char U+00C6 (decimal 198)
   defining Unicode char U+00C7 (decimal 199)
   defining Unicode char U+00C8 (decimal 200)
   defining Unicode char U+00C9 (decimal 201)
   defining Unicode char U+00CA (decimal 202)
   defining Unicode char U+00CB (decimal 203)
   defining Unicode char U+00CC (decimal 204)
   defining Unicode char U+00CD (decimal 205)
   defining Unicode char U+00CE (decimal 206)
   defining Unicode char U+00CF (decimal 207)
   defining Unicode char U+00D0 (decimal 208)
   defining Unicode char U+00D1 (decimal 209)
   defining Unicode char U+00D2 (decimal 210)
   defining Unicode char U+00D3 (decimal 211)
   defining Unicode char U+00D4 (decimal 212)
   defining Unicode char U+00D5 (decimal 213)
   defining Unicode char U+00D6 (decimal 214)
   defining Unicode char U+00D8 (decimal 216)
   defining Unicode char U+00D9 (decimal 217)
   defining Unicode char U+00DA (decimal 218)
   defining Unicode char U+00DB (decimal 219)
   defining Unicode char U+00DC (decimal 220)
   defining Unicode char U+00DD (decimal 221)
   defining Unicode char U+00DE (decimal 222)
   defining Unicode char U+00DF (decimal 223)
   defining Unicode char U+00E0 (decimal 224)
   defining Unicode char U+00E1 (decimal 225)
   defining Unicode char U+00E2 (decimal 226)
   defining Unicode char U+00E3 (decimal 227)
   defining Unicode char U+00E4 (decimal 228)
   defining Unicode char U+00E5 (decimal 229)
   defining Unicode char U+00E6 (decimal 230)
   defining Unicode char U+00E7 (decimal 231)
   defining Unicode char U+00E8 (decimal 232)
   defining Unicode char U+00E9 (decimal 233)
   defining Unicode char U+00EA (decimal 234)
   defining Unicode char U+00EB (decimal 235)
   defining Unicode char U+00EC (decimal 236)
   defining Unicode char U+00ED (decimal 237)
   defining Unicode char U+00EE (decimal 238)
   defining Unicode char U+00EF (decimal 239)
   defining Unicode char U+00F0 (decimal 240)
   defining Unicode char U+00F1 (decimal 241)
   defining Unicode char U+00F2 (decimal 242)
   defining Unicode char U+00F3 (decimal 243)
   defining Unicode char U+00F4 (decimal 244)
   defining Unicode char U+00F5 (decimal 245)
   defining Unicode char U+00F6 (decimal 246)
   defining Unicode char U+00F8 (decimal 248)
   defining Unicode char U+00F9 (decimal 249)
   defining Unicode char U+00FA (decimal 250)
   defining Unicode char U+00FB (decimal 251)
   defining Unicode char U+00FC (decimal 252)
   defining Unicode char U+00FD (decimal 253)
   defining Unicode char U+00FE (decimal 254)
   defining Unicode char U+00FF (decimal 255)
   defining Unicode char U+0102 (decimal 258)
   defining Unicode char U+0103 (decimal 259)
   defining Unicode char U+0104 (decimal 260)
   defining Unicode char U+0105 (decimal 261)
   defining Unicode char U+0106 (decimal 262)
   defining Unicode char U+0107 (decimal 263)
   defining Unicode char U+010C (decimal 268)
   defining Unicode char U+010D (decimal 269)
   defining Unicode char U+010E (decimal 270)
   defining Unicode char U+010F (decimal 271)
   defining Unicode char U+0110 (decimal 272)
   defining Unicode char U+0111 (decimal 273)
   defining Unicode char U+0118 (decimal 280)
   defining Unicode char U+0119 (decimal 281)
   defining Unicode char U+011A (decimal 282)
   defining Unicode char U+011B (decimal 283)
   defining Unicode char U+011E (decimal 286)
   defining Unicode char U+011F (decimal 287)
   defining Unicode char U+0130 (decimal 304)
   defining Unicode char U+0131 (decimal 305)
   defining Unicode char U+0132 (decimal 306)
   defining Unicode char U+0133 (decimal 307)
   defining Unicode char U+0139 (decimal 313)
   defining Unicode char U+013A (decimal 314)
   defining Unicode char U+013D (decimal 317)
   defining Unicode char U+013E (decimal 318)
   defining Unicode char U+0141 (decimal 321)
   defining Unicode char U+0142 (decimal 322)
   defining Unicode char U+0143 (decimal 323)
   defining Unicode char U+0144 (decimal 324)
   defining Unicode char U+0147 (decimal 327)
   defining Unicode char U+0148 (decimal 328)
   defining Unicode char U+014A (decimal 330)
   defining Unicode char U+014B (decimal 331)
   defining Unicode char U+0150 (decimal 336)
   defining Unicode char U+0151 (decimal 337)
   defining Unicode char U+0152 (decimal 338)
   defining Unicode char U+0153 (decimal 339)
   defining Unicode char U+0154 (decimal 340)
   defining Unicode char U+0155 (decimal 341)
   defining Unicode char U+0158 (decimal 344)
   defining Unicode char U+0159 (decimal 345)
   defining Unicode char U+015A (decimal 346)
   defining Unicode char U+015B (decimal 347)
   defining Unicode char U+015E (decimal 350)
   defining Unicode char U+015F (decimal 351)
   defining Unicode char U+0160 (decimal 352)
   defining Unicode char U+0161 (decimal 353)
   defining Unicode char U+0162 (decimal 354)
   defining Unicode char U+0163 (decimal 355)
   defining Unicode char U+0164 (decimal 356)
   defining Unicode char U+0165 (decimal 357)
   defining Unicode char U+016E (decimal 366)
   defining Unicode char U+016F (decimal 367)
   defining Unicode char U+0170 (decimal 368)
   defining Unicode char U+0171 (decimal 369)
   defining Unicode char U+0178 (decimal 376)
   defining Unicode char U+0179 (decimal 377)
   defining Unicode char U+017A (decimal 378)
   defining Unicode char U+017B (decimal 379)
   defining Unicode char U+017C (decimal 380)
   defining Unicode char U+017D (decimal 381)
   defining Unicode char U+017E (decimal 382)
   defining Unicode char U+200C (decimal 8204)
   defining Unicode char U+2013 (decimal 8211)
   defining Unicode char U+2014 (decimal 8212)
   defining Unicode char U+2018 (decimal 8216)
   defining Unicode char U+2019 (decimal 8217)
   defining Unicode char U+201A (decimal 8218)
   defining Unicode char U+201C (decimal 8220)
   defining Unicode char U+201D (decimal 8221)
   defining Unicode char U+201E (decimal 8222)
   defining Unicode char U+2030 (decimal 8240)
   defining Unicode char U+2031 (decimal 8241)
   defining Unicode char U+2039 (decimal 8249)
   defining Unicode char U+203A (decimal 8250)
   defining Unicode char U+2423 (decimal 9251)
)
Now handling font encoding OT1 ...
... processing UTF-8 mapping file for font encoding OT1

(/usr/local/texlive/2011/texmf-dist/tex/latex/base/ot1enc.dfu
File: ot1enc.dfu 2008/04/05 v1.1m UTF-8 support for inputenc
   defining Unicode char U+00A1 (decimal 161)
   defining Unicode char U+00A3 (decimal 163)
   defining Unicode char U+00B8 (decimal 184)
   defining Unicode char U+00BF (decimal 191)
   defining Unicode char U+00C5 (decimal 197)
   defining Unicode char U+00C6 (decimal 198)
   defining Unicode char U+00D8 (decimal 216)
   defining Unicode char U+00DF (decimal 223)
   defining Unicode char U+00E6 (decimal 230)
   defining Unicode char U+00EC (decimal 236)
   defining Unicode char U+00ED (decimal 237)
   defining Unicode char U+00EE (decimal 238)
   defining Unicode char U+00EF (decimal 239)
   defining Unicode char U+00F8 (decimal 248)
   defining Unicode char U+0131 (decimal 305)
   defining Unicode char U+0141 (decimal 321)
   defining Unicode char U+0142 (decimal 322)
   defining Unicode char U+0152 (decimal 338)
   defining Unicode char U+0153 (decimal 339)
   defining Unicode char U+2013 (decimal 8211)
   defining Unicode char U+2014 (decimal 8212)
   defining Unicode char U+2018 (decimal 8216)
   defining Unicode char U+2019 (decimal 8217)
   defining Unicode char U+201C (decimal 8220)
   defining Unicode char U+201D (decimal 8221)
)
Now handling font encoding OMS ...
... processing UTF-8 mapping file for font encoding OMS

(/usr/local/texlive/2011/texmf-dist/tex/latex/base/omsenc.dfu
File: omsenc.dfu 2008/04/05 v1.1m UTF-8 support for inputenc
   defining Unicode char U+00A7 (decimal 167)
   defining Unicode char U+00B6 (decimal 182)
   defining Unicode char U+00B7 (decimal 183)
   defining Unicode char U+2020 (decimal 8224)
   defining Unicode char U+2021 (decimal 8225)
   defining Unicode char U+2022 (decimal 8226)
)
Now handling font encoding OMX ...
... no UTF-8 mapping file for font encoding OMX
Now handling font encoding U ...
... no UTF-8 mapping file for font encoding U
   defining Unicode char U+00A9 (decimal 169)
   defining Unicode char U+00AA (decimal 170)
   defining Unicode char U+00AE (decimal 174)
   defining Unicode char U+00BA (decimal 186)
   defining Unicode char U+02C6 (decimal 710)
   defining Unicode char U+02DC (decimal 732)
   defining Unicode char U+200C (decimal 8204)
   defining Unicode char U+2026 (decimal 8230)
   defining Unicode char U+2122 (decimal 8482)
   defining Unicode char U+2423 (decimal 9251)
))
(/usr/local/texlive/2011/texmf-dist/tex/generic/babel/babel.sty
Package: babel 2008/07/06 v3.8l The Babel package

(/usr/local/texlive/2011/texmf-dist/tex/generic/babel/norsk.ldf
Language: norsk 2005/03/30 v2.0h Norsk support from the babel system

(/usr/local/texlive/2011/texmf-dist/tex/generic/babel/babel.def
File: babel.def 2008/07/06 v3.8l Babel common definitions
\babel@savecnt=\count87
\U@D=\dimen103
)
Package babel Info: Making " an active character on input line 113.
))
(/usr/local/texlive/2011/texmf-dist/tex/latex/graphics/epsfig.sty
Package: epsfig 1999/02/16 v1.7a (e)psfig emulation (SPQR)

(/usr/local/texlive/2011/texmf-dist/tex/latex/graphics/graphicx.sty
Package: graphicx 1999/02/16 v1.0f Enhanced LaTeX Graphics (DPC,SPQR)

(/usr/local/texlive/2011/texmf-dist/tex/latex/graphics/keyval.sty
Package: keyval 1999/03/16 v1.13 key=value parser (DPC)
\KV@toks@=\toks16
)
(/usr/local/texlive/2011/texmf-dist/tex/latex/graphics/graphics.sty
Package: graphics 2009/02/05 v1.0o Standard LaTeX Graphics (DPC,SPQR)

(/usr/local/texlive/2011/texmf-dist/tex/latex/graphics/trig.sty
Package: trig 1999/03/16 v1.09 sin cos tan (DPC)
)
(/usr/local/texlive/2011/texmf-dist/tex/latex/latexconfig/graphics.cfg
File: graphics.cfg 2010/04/23 v1.9 graphics configuration of TeX Live
)
Package graphics Info: Driver file: dvips.def on input line 91.

(/usr/local/texlive/2011/texmf-dist/tex/latex/graphics/dvips.def
File: dvips.def 1999/02/16 v3.0i Driver-dependant file (DPC,SPQR)
))
\Gin@req@height=\dimen104
\Gin@req@width=\dimen105
)
\epsfxsize=\dimen106
\epsfysize=\dimen107
)
(/usr/local/texlive/2011/texmf-dist/tex/latex/parskip/parskip.sty
Package: parskip 2001/04/09 non-zero parskip adjustments
)
(/usr/local/texlive/2011/texmf-dist/tex/latex/nomencl/nomencl.sty
Package: nomencl 2005/09/22 v4.2 Nomenclature package (LN)
\nomlabelwidth=\dimen108
\nom@tempdim=\dimen109
\nomitemsep=\skip43
)
(/usr/local/texlive/2011/texmf-dist/tex/latex/draftwatermark/draftwatermark.sty
Package: draftwatermark 2006/06/30 1.0 Put a gray textual watermark on document
 pages
(/usr/local/texlive/2011/texmf-dist/tex/latex/everypage/everypage.sty
Package: everypage 2007/06/20 1.1 Hooks to run on every page
)
(/usr/local/texlive/2011/texmf-dist/tex/latex/graphics/color.sty
Package: color 2005/11/14 v1.0j Standard LaTeX Color (DPC)

(/usr/local/texlive/2011/texmf-dist/tex/latex/latexconfig/color.cfg
File: color.cfg 2007/01/18 v1.5 color configuration of teTeX/TeXLive
)
Package color Info: Driver file: dvips.def on input line 130.

(/usr/local/texlive/2011/texmf-dist/tex/latex/graphics/dvipsnam.def
File: dvipsnam.def 1999/02/16 v3.0i Driver-dependant file (DPC,SPQR)
))
\sc@wm@fontsize=\skip44
)
(/usr/local/texlive/2011/texmf-dist/tex/latex/url/url.sty
\Urlmuskip=\muskip10
Package: url 2006/04/12  ver 3.3  Verb mode for urls, etc.
)
(/usr/local/texlive/2011/texmf-dist/tex/latex/amsmath/amsmath.sty
Package: amsmath 2000/07/18 v2.13 AMS math features
\@mathmargin=\skip45

For additional information on amsmath, use the `?' option.
(/usr/local/texlive/2011/texmf-dist/tex/latex/amsmath/amstext.sty
Package: amstext 2000/06/29 v2.01

(/usr/local/texlive/2011/texmf-dist/tex/latex/amsmath/amsgen.sty
File: amsgen.sty 1999/11/30 v2.0
\@emptytoks=\toks17
\ex@=\dimen110
))
(/usr/local/texlive/2011/texmf-dist/tex/latex/amsmath/amsbsy.sty
Package: amsbsy 1999/11/29 v1.2d
\pmbraise@=\dimen111
)
(/usr/local/texlive/2011/texmf-dist/tex/latex/amsmath/amsopn.sty
Package: amsopn 1999/12/14 v2.01 operator names
)
\inf@bad=\count88
LaTeX Info: Redefining \frac on input line 211.
\uproot@=\count89
\leftroot@=\count90
LaTeX Info: Redefining \overline on input line 307.
\classnum@=\count91
\DOTSCASE@=\count92
LaTeX Info: Redefining \ldots on input line 379.
LaTeX Info: Redefining \dots on input line 382.
LaTeX Info: Redefining \cdots on input line 467.
\Mathstrutbox@=\box26
\strutbox@=\box27
\big@size=\dimen112
LaTeX Font Info:    Redeclaring font encoding OML on input line 567.
LaTeX Font Info:    Redeclaring font encoding OMS on input line 568.
\macc@depth=\count93
\c@MaxMatrixCols=\count94
\dotsspace@=\muskip11
\c@parentequation=\count95
\dspbrk@lvl=\count96
\tag@help=\toks18
\row@=\count97
\column@=\count98
\maxfields@=\count99
\andhelp@=\toks19
\eqnshift@=\dimen113
\alignsep@=\dimen114
\tagshift@=\dimen115
\tagwidth@=\dimen116
\totwidth@=\dimen117
\lineht@=\dimen118
\@envbody=\toks20
\multlinegap=\skip46
\multlinetaggap=\skip47
\mathdisplay@stack=\toks21
LaTeX Info: Redefining \[ on input line 2666.
LaTeX Info: Redefining \] on input line 2667.
)
(/usr/local/texlive/2011/texmf-dist/tex/latex/tools/longtable.sty
Package: longtable 2004/02/01 v4.11 Multi-page Table package (DPC)
\LTleft=\skip48
\LTright=\skip49
\LTpre=\skip50
\LTpost=\skip51
\LTchunksize=\count100
\LTcapwidth=\dimen119
\LT@head=\box28
\LT@firsthead=\box29
\LT@foot=\box30
\LT@lastfoot=\box31
\LT@cols=\count101
\LT@rows=\count102
\c@LT@tables=\count103
\c@LT@chunks=\count104
\LT@p@ftn=\toks22
)
(/usr/local/texlive/2011/texmf-dist/tex/latex/tools/verbatim.sty
Package: verbatim 2003/08/22 v1.5q LaTeX2e package for verbatim enhancements
\every@verbatim=\toks23
\verbatim@line=\toks24
\verbatim@in@stream=\read1
)
(/usr/local/texlive/2011/texmf-dist/tex/latex/listings/listings.sty
\lst@mode=\count105
\lst@gtempboxa=\box32
\lst@token=\toks25
\lst@length=\count106
\lst@currlwidth=\dimen120
\lst@column=\count107
\lst@pos=\count108
\lst@lostspace=\dimen121
\lst@width=\dimen122
\lst@newlines=\count109
\lst@lineno=\count110
\lst@maxwidth=\dimen123

(/usr/local/texlive/2011/texmf-dist/tex/latex/listings/lstmisc.sty
File: lstmisc.sty 2007/02/22 1.4 (Carsten Heinz)
\c@lstnumber=\count111
\lst@skipnumbers=\count112
\lst@framebox=\box33
)
(/usr/local/texlive/2011/texmf-dist/tex/latex/listings/listings.cfg
File: listings.cfg 2007/02/22 1.4 listings configuration
))
Package: listings 2007/02/22 1.4 (Carsten Heinz)

(/usr/local/texlive/2011/texmf-dist/tex/latex/setspace/setspace.sty
Package: setspace 2000/12/01 6.7 Contributed and Supported LaTeX2e package

Package: `setspace' 6.7 <2000/12/01>
)
\@nomenclaturefile=\write3
\openout3 = `Msc.nlo'.


Writing nomenclature file Msc.nlo
(./Msc.aux)
\openout1 = `Msc.aux'.

LaTeX Font Info:    Checking defaults for OML/cmm/m/it on input line 25.
LaTeX Font Info:    ... okay on input line 25.
LaTeX Font Info:    Checking defaults for T1/cmr/m/n on input line 25.
LaTeX Font Info:    ... okay on input line 25.
LaTeX Font Info:    Checking defaults for OT1/cmr/m/n on input line 25.
LaTeX Font Info:    ... okay on input line 25.
LaTeX Font Info:    Checking defaults for OMS/cmsy/m/n on input line 25.
LaTeX Font Info:    ... okay on input line 25.
LaTeX Font Info:    Checking defaults for OMX/cmex/m/n on input line 25.
LaTeX Font Info:    ... okay on input line 25.
LaTeX Font Info:    Checking defaults for U/cmr/m/n on input line 25.
LaTeX Font Info:    ... okay on input line 25.
\c@lstlisting=\count113
File: uibugle.eps Graphic file (type eps)
 <uibugle.eps>

LaTeX Font Warning: Font shape `OT1/cmr/m/n' in size <142.26378> not available
(Font)              size <24.88> substituted on input line 71.

[1

] (./forord.tex) [2] (./Msc.toc [3])
\tf@toc=\write4
\openout4 = `Msc.toc'.

 [4] (./Msc.lot)
\tf@lot=\write5
\openout5 = `Msc.lot'.

 [5] (./Msc.lof)
\tf@lof=\write6
\openout6 = `Msc.lof'.

 [6]
(./Msc.nls) [7] (./content/introduction.tex) (./content/background.tex
Overfull \hbox (22.16095pt too wide) in paragraph at lines 4--5
\OT1/cmr/m/n/12 blem: ''Et pro-blem med ^^Wa fin-ne den bes-te l^^\sningen ut i
fra alle gyl-di-ge l^^\sninger". 
 []

[8]) (./content/motivation.tex [9]
LaTeX Font Info:    Try loading font information for OMS+cmr on input line 7.

(/usr/local/texlive/2011/texmf-dist/tex/latex/base/omscmr.fd
File: omscmr.fd 1999/05/25 v2.5h Standard LaTeX font definitions
)
LaTeX Font Info:    Font shape `OMS/cmr/m/n' in size <12> not available
(Font)              Font shape `OMS/cmsy/m/n' tried instead on input line 7.
 [10])
(./content/problem.tex [11] [12] [13]
Overfull \hbox (9.95023pt too wide) in paragraph at lines 47--49
\OT1/cmr/m/n/12 Den gjen-sid-ge ut-te-luk-kel-sen opp-ret-tet av den ene-res-su
rs-be-grens-nin-gen blir da: 
 []

[14]
Overfull \hbox (14.04625pt too wide) detected at line 63
\OMS/cmsy/m/n/12 8\OML/cmm/m/it/12 i; i[] \OMS/cmsy/m/n/12 6\OT1/cmr/m/n/12 = \
OML/cmm/m/it/12 i \OT1/cmr/m/n/12 : \OML/cmm/m/it/12 v[]\OT1/cmr/m/n/12 (\OML/c
mm/m/it/12 Act[]\OT1/cmr/m/n/12 ) = \OML/cmm/m/it/12 Crane[] \OMS/cmsy/m/n/12 ^
 \OML/cmm/m/it/12 c[]\OT1/cmr/m/n/12 (\OML/cmm/m/it/12 Act[]\OT1/cmr/m/n/12 ) =
 \OML/cmm/m/it/12 c[]\OT1/cmr/m/n/12 (\OML/cmm/m/it/12 Crane[]\OT1/cmr/m/n/12 )
 \OMS/cmsy/m/n/12 ! :\OML/cmm/m/it/12 overlap\OT1/cmr/m/n/12 (\OML/cmm/m/it/12 
Act[]; Act[]\OT1/cmr/m/n/12 )
 []


Underfull \vbox (badness 10000) has occurred while \output is active []

 [15]
Overfull \hbox (21.52061pt too wide) in paragraph at lines 81--82
\OT1/cmr/m/n/12 te-ter, $#\OML/cmm/m/it/12 Acts \OMS/cmsy/m/n/12 2 f\OT1/cmr/m/
n/12 50\OML/cmm/m/it/12 ; \OT1/cmr/m/n/12 60\OML/cmm/m/it/12 ; \OT1/cmr/m/n/12 
70\OML/cmm/m/it/12 ; \OT1/cmr/m/n/12 80\OML/cmm/m/it/12 ; \OT1/cmr/m/n/12 90\OM
L/cmm/m/it/12 ; \OT1/cmr/m/n/12 100\OML/cmm/m/it/12 ; \OT1/cmr/m/n/12 200\OML/c
mm/m/it/12 ; \OT1/cmr/m/n/12 300\OML/cmm/m/it/12 ; \OT1/cmr/m/n/12 400\OML/cmm/
m/it/12 ; \OT1/cmr/m/n/12 500\OML/cmm/m/it/12 ; \OT1/cmr/m/n/12 600\OML/cmm/m/i
t/12 ; \OT1/cmr/m/n/12 700\OML/cmm/m/it/12 ; \OT1/cmr/m/n/12 800\OML/cmm/m/it/1
2 ; \OT1/cmr/m/n/12 900\OML/cmm/m/it/12 ; \OT1/cmr/m/n/12 1000\OML/cmm/m/it/12 
; \OT1/cmr/m/n/12 5000\OMS/cmsy/m/n/12 g$
 []

) [16] (./content/begrensning.tex
Overfull \hbox (1.36111pt too wide) in paragraph at lines 4--5
\OT1/cmr/m/n/12 Begrensningsprogrammering er en pro-gram-me-rings-pa-ra-dig-me 
hvor re-la-sjo-ner mel-
 []


Overfull \hbox (4.46385pt too wide) in paragraph at lines 7--8
\OT1/cmr/m/n/12 Systemer for begrensings-logikk pro-gram-me-rings-sys-te-mer so
m sam-men-ligg-nes med
 []

[17] [18]
Overfull \hbox (12.9063pt too wide) in paragraph at lines 26--27
[]\OT1/cmr/m/n/12 De enk-les-te klas-se-ne (eks. Ilo-Num-Var og IloCon-straint)
 i Con-cert har ogs^^Wa tilh^^\rende
 []

[19] [20]) (./content/methology.tex [21]
LaTeX Font Info:    Try loading font information for OML+cmr on input line 10.

(/usr/local/texlive/2011/texmf-dist/tex/latex/base/omlcmr.fd
File: omlcmr.fd 1999/05/25 v2.5h Standard LaTeX font definitions
)
LaTeX Font Info:    Font shape `OML/cmr/m/n' in size <12> not available
(Font)              Font shape `OML/cmm/m/it' tried instead on input line 10.

Overfull \hbox (39.26045pt too wide) in paragraph at lines 16--17
[][][][][][][][][][][][][][][] 
 []

[22]
Overfull \hbox (11.0605pt too wide) in paragraph at lines 31--32
[][][][][][][][][][][][][] 
 []


Overfull \hbox (60.41042pt too wide) in paragraph at lines 33--34
[][][][][][][][][][][][][][][] 
 []


Underfull \vbox (badness 10000) has occurred while \output is active []

 [23]
Underfull \vbox (badness 4608) has occurred while \output is active []

 [24])
(./content/experiments.tex
Overfull \hbox (33.68124pt too wide) in paragraph at lines 6--21
 [] 
 []

[25]
Overfull \hbox (3.23358pt too wide) in paragraph at lines 29--31
$\OML/cmm/m/it/12 P[]$ \OT1/cmr/m/n/12 er det set-tet med pro-ble-minstan-ser s
om er l^^\st ved hver en-kelt l^^\sningsstrategi.
 []

[26]
File: content/gfx/Act50Crane2GantAssignHeat.eps Graphic file (type eps)
 <content/gfx/Act50Crane2GantAssignHeat.eps>

LaTeX Warning: `!h' float specifier changed to `!ht'.


Overfull \hbox (17.07013pt too wide) in paragraph at lines 50--51
\OT1/cmr/m/n/12 nom-snitt 96.1% over teo-re-tisk ned-re-gren-se. To-talt sett f
or den f^^\rste l^^\sningstrategien
 []

[27]
File: content/gfx/Act50Crane2TimesForwardHeat.eps Graphic file (type eps)
 <content/gfx/Act50Crane2TimesForwardHeat.eps>

LaTeX Warning: `!h' float specifier changed to `!ht'.

)
Underfull \vbox (badness 1412) has occurred while \output is active []

 [28]
(./content/evaluering.tex [29]
Overfull \hbox (8.18181pt too wide) in paragraph at lines 11--12
[]\OT1/cmr/m/n/12 Den and-re l^^\sningsstrategien (LS2) fin-ner en-del f^^Zr-re
 l^^\sninger, hen-holds-vis 36.88%
 []

[30]
File: content/gfx/Act50Crane2AssignHeatResourceCrane.eps Graphic file (type eps
)
 <content/gfx/Act50Crane2AssignHeatResourceCrane.eps>
Overfull \hbox (46.9804pt too wide) in paragraph at lines 21--22
 [][] 
 []

File: content/gfx/Act50Crane2WithoutResourceCrane.eps Graphic file (type eps)
<content/gfx/Act50Crane2WithoutResourceCrane.eps>
Overfull \hbox (50.2928pt too wide) in paragraph at lines 27--28
 [][] 
 []


LaTeX Warning: `!h' float specifier changed to `!ht'.

File: content/gfx/Act50Crane3AssignHeatResourceCrew.eps Graphic file (type eps)

<content/gfx/Act50Crane3AssignHeatResourceCrew.eps>
Overfull \hbox (44.57137pt too wide) in paragraph at lines 34--35
 [][] 
 []


LaTeX Warning: `!h' float specifier changed to `!ht'.

[31] [32]
Overfull \hbox (33.68124pt too wide) in paragraph at lines 57--72
 [] 
 []


Overfull \hbox (1.10132pt too wide) in paragraph at lines 53--76
\OT1/cmr/m/n/12 For ^^Wa sam-men-lig-ne l^^\sningene i det-te pro-sjek-tet med 
10 lo-ka-sjo-ner, med l^^\sningene
 []

[33]) (./content/relatert.tex) (./content/fwork.tex) (./content/conclusion.tex
Underfull \vbox (badness 1389) has occurred while \output is active []

 [34])
Overfull \hbox (4.69025pt too wide) in paragraph at lines 7--140
[]\OT1/cmr/m/n/12 L^^\sningene med varme-be-grens-ning var med beg-ge l^^\sning
sstrategiene noe d^^Warligere
 []

[35] (./appendix.tex
Overfull \hbox (37.04832pt too wide) in alignment at lines 2--24
 [] [] [] [] [] 
 []


Underfull \vbox (badness 10000) detected at line 24
 []


Overfull \hbox (37.04832pt too wide) in alignment at lines 24--44
 [] [] [] [] [] 
 []


Overfull \hbox (37.04832pt too wide) in alignment at lines 44--64
 [] [] [] [] [] 
 []

[36]
Overfull \hbox (37.04832pt too wide) in alignment at lines 64--84
 [] [] [] [] [] 
 []


Overfull \hbox (37.04832pt too wide) in alignment at lines 84--105
 [] [] [] [] [] 
 []

[37]
Overfull \hbox (37.04832pt too wide) in alignment at lines 105--125
 [] [] [] [] [] 
 []


Overfull \hbox (37.04832pt too wide) in alignment at lines 125--145
 [] [] [] [] [] 
 []

[38]
Overfull \hbox (37.04832pt too wide) in alignment at lines 145--165
 [] [] [] [] [] 
 []

[39]
Overfull \hbox (37.04832pt too wide) in alignment at lines 165--170
 [] [] [] [] [] 
 []


Overfull \hbox (31.17339pt too wide) in alignment at lines 174--196
 [] [] [] [] [] 
 []


Underfull \vbox (badness 10000) detected at line 196
 []


Overfull \hbox (31.17339pt too wide) in alignment at lines 196--216
 [] [] [] [] [] 
 []

[40]
Overfull \hbox (31.17339pt too wide) in alignment at lines 216--237
 [] [] [] [] [] 
 []

[41]
Overfull \hbox (31.17339pt too wide) in alignment at lines 237--253
 [] [] [] [] [] 
 []

[42]) [43] (./Msc.bbl
Underfull \hbox (badness 10000) in paragraph at lines 7--8
[]$\OT1/cmtt/m/n/12 http : / / www . softwareadvice . com / manufacturing /
 []


Underfull \hbox (badness 10000) in paragraph at lines 14--17
[]\OT1/cmr/m/n/12 Manual vs. auto-sche-du-led tasks in micro-soft pro-ject
 []


Underfull \hbox (badness 10000) in paragraph at lines 14--17
\OT1/cmr/m/n/12 2010.  $\OT1/cmtt/m/n/12 http : / / www . techrepublic . com / 
blog / tech-[]manager /
 []


Underfull \hbox (badness 2096) in paragraph at lines 36--38
[]\OT1/cmr/m/n/12 Wikipedia: Op-ti-miza-tion pro-blem.  $\OT1/cmtt/m/n/12 http 
: / / en . wikipedia . org / wiki /
 []

[44]) [45] (./Msc.aux)

LaTeX Font Warning: Size substitutions with differences
(Font)              up to 117.38377pt have occurred.

 ) 
Here is how much of TeX's memory you used:
 4059 strings out of 493634
 52564 string characters out of 3143401
 128292 words of memory out of 3000000
 7244 multiletter control sequences out of 15000+200000
 12159 words of font info for 43 fonts, out of 3000000 for 9000
 831 hyphenation exceptions out of 8191
 32i,15n,32p,1483b,1564s stack positions out of 5000i,500n,10000p,200000b,50000s

Output written on Msc.dvi (45 pages, 153492 bytes).
